<?xml version="1.0" encoding="UTF-8"?>
<!-- Generated by org.testng.reporters.JUnitReportReporter -->
<testsuite hostname="DESKTOP-B0AM9G5" failures="0" tests="1" name="testcases.TC_04_Loginwithmobnumber" time="34.147" errors="0" timestamp="2024-02-29T20:35:51 IST" skipped="0">
  <testcase classname="testcases.TC_04_Loginwithmobnumber" name="LoginWith_mobilenumber" time="34.147">
    <system-out>
      <![CDATA[Welcome to loginpage]]>
    </system-out>
  </testcase> <!-- LoginWith_mobilenumber -->
  <system-out>
    <![CDATA[Welcome to loginpage
Welcome to loginpage
Welcome to loginpage
Welcome to loginpage]]>
  </system-out>
</testsuite> <!-- testcases.TC_04_Loginwithmobnumber -->
