<?xml version="1.0" encoding="UTF-8"?>
<!-- Generated by org.testng.reporters.JUnitReportReporter -->
<testsuite hostname="DESKTOP-B0AM9G5" failures="0" tests="4" name="testcases.TC_01_Homepagetest" time="221.347" errors="0" timestamp="2024-02-29T20:35:51 IST" skipped="0">
  <testcase classname="testcases.TC_01_Homepagetest" name="verifylogo_on_homepage" time="31.179"/>
  <testcase classname="testcases.TC_01_Homepagetest" name="verifycheckin_on_homepage" time="44.165"/>
  <testcase classname="testcases.TC_01_Homepagetest" name="verifymanagebooking_on_homepage" time="87.719"/>
  <testcase classname="testcases.TC_01_Homepagetest" name="verifyflightstatus_on_homepage" time="58.284"/>
  <system-out>
    <![CDATA[Welcome to loginpage
Welcome to loginpage
Welcome to loginpage
Welcome to loginpage]]>
  </system-out>
</testsuite> <!-- testcases.TC_01_Homepagetest -->
