<?xml version="1.0" encoding="UTF-8"?>
<!-- Generated by org.testng.reporters.JUnitReportReporter -->
<testsuite hostname="DESKTOP-B0AM9G5" failures="0" tests="1" name="testcases.Homepagetest" time="56.528" errors="0" timestamp="2024-01-10T20:40:56 IST" skipped="0">
  <testcase classname="testcases.Homepagetest" name="verifylogo_on_homepage" time="56.528"/>
</testsuite> <!-- testcases.Homepagetest -->
