<?xml version="1.0" encoding="UTF-8"?>
<!-- Generated by org.testng.reporters.JUnitReportReporter -->
<testsuite hostname="DESKTOP-B0AM9G5" failures="0" tests="3" name="testcases.TC_02_Loginpagetest" time="112.888" errors="0" timestamp="2024-02-29T20:35:51 IST" skipped="0">
  <testcase classname="testcases.TC_02_Loginpagetest" name="LoginWith_valid_credentials" time="39.765">
    <system-out>
      <![CDATA[Welcome to loginpage]]>
    </system-out>
  </testcase> <!-- LoginWith_valid_credentials -->
  <testcase classname="testcases.TC_02_Loginpagetest" name="LoginWith_valid_credentials" time="34.783">
    <system-out>
      <![CDATA[Welcome to loginpage]]>
    </system-out>
  </testcase> <!-- LoginWith_valid_credentials -->
  <testcase classname="testcases.TC_02_Loginpagetest" name="LoginWith_valid_credentials" time="38.340">
    <system-out>
      <![CDATA[Welcome to loginpage]]>
    </system-out>
  </testcase> <!-- LoginWith_valid_credentials -->
  <system-out>
    <![CDATA[Welcome to loginpage
Welcome to loginpage
Welcome to loginpage
Welcome to loginpage]]>
  </system-out>
</testsuite> <!-- testcases.TC_02_Loginpagetest -->
